============================= test session starts =============================
platform win32 -- Python 3.11.9, pytest-9.0.2, pluggy-1.6.0 -- C:\Users\youse\AppData\Local\Programs\Python\Python311\python.exe
cachedir: .pytest_cache
rootdir: D:\Graduation\Graduation-project\ai-engine-scraping
plugins: anyio-4.12.1, asyncio-1.3.0
asyncio: mode=Mode.STRICT, debug=False, asyncio_default_fixture_loop_scope=None, asyncio_default_test_loop_scope=function
collecting ... collected 30 items

tests/test_performance.py::TestTokenBucket::test_first_acquire_immediate PASSED [  3%]
tests/test_performance.py::TestTokenBucket::test_invalid_rate_raises PASSED [  6%]
tests/test_performance.py::TestTokenBucket::test_capacity_defaults_to_rate PASSED [ 10%]
tests/test_performance.py::TestTokenBucket::test_multiple_acquires_below_capacity PASSED [ 13%]
tests/test_performance.py::TestSmartAsyncClient::test_random_user_agent_is_from_predefined_list PASSED [ 16%]
tests/test_performance.py::TestSmartAsyncClient::test_successful_request_returns_text PASSED [ 20%]
tests/test_performance.py::TestSmartAsyncClient::test_exponential_backoff_on_429 PASSED [ 23%]
tests/test_performance.py::TestSmartAsyncClient::test_max_retries_exhausted_raises PASSED [ 26%]
tests/test_performance.py::TestSmartAsyncClient::test_non_retryable_404_raises_immediately PASSED [ 30%]
tests/test_performance.py::TestSmartAsyncClient::test_backoff_delay_grows_exponentially PASSED [ 33%]
tests/test_performance.py::TestSmartAsyncClient::test_user_agent_is_rotated_per_request PASSED [ 36%]
tests/test_performance.py::TestDeadLetterQueue::test_add_failure_creates_entry PASSED [ 40%]
tests/test_performance.py::TestDeadLetterQueue::test_add_failure_is_idempotent PASSED [ 43%]
tests/test_performance.py::TestDeadLetterQueue::test_attempt_counter_increments PASSED [ 46%]
tests/test_performance.py::TestDeadLetterQueue::test_get_retryable_excludes_exhausted PASSED [ 50%]
tests/test_performance.py::TestDeadLetterQueue::test_get_permanently_failed PASSED [ 53%]
tests/test_performance.py::TestDeadLetterQueue::test_clear_entry_removes_task PASSED [ 56%]
tests/test_performance.py::TestDeadLetterQueue::test_clear_entry_nonexistent_returns_false PASSED [ 60%]
tests/test_performance.py::TestDeadLetterQueue::test_summary_counts_are_accurate PASSED [ 63%]
tests/test_performance.py::TestDeadLetterQueue::test_iteration_yields_all_tasks PASSED [ 66%]
tests/test_performance.py::TestDeadLetterQueue::test_task_has_timestamp PASSED [ 70%]
tests/test_performance.py::TestDeadLetterQueue::test_concurrent_add_failure_is_safe PASSED [ 73%]
tests/test_performance.py::TestScrapingEngine::test_stream_jobs_is_async_generator PASSED [ 76%]
tests/test_performance.py::TestScrapingEngine::test_stream_jobs_yields_items_one_by_one PASSED [ 80%]
tests/test_performance.py::TestScrapingEngine::test_stream_jobs_result_has_required_keys PASSED [ 83%]
tests/test_performance.py::TestScrapingEngine::test_failed_fetch_goes_to_dlq PASSED [ 86%]
tests/test_performance.py::TestScrapingEngine::test_duplicate_jobs_are_skipped PASSED [ 90%]
tests/test_performance.py::TestScrapingEngine::test_match_score_present_with_reference_text PASSED [ 93%]
tests/test_performance.py::TestScrapingEngine::test_engine_seen_count_increments PASSED [ 96%]
tests/test_performance.py::TestScrapingEngine::test_empty_url_list_yields_nothing PASSED [100%]

============================= 30 passed in 1.47s ==============================
